<?xml version="1.0" encoding="UTF-8"?>
<testsuite name="BackpressureTask2Tests" tests="1" skipped="0" failures="0" errors="0" timestamp="2022-10-12T18:04:37" hostname="Antons-MacBook-Pro.local" time="0.067">
  <properties/>
  <testcase name="testSolution()" classname="BackpressureTask2Tests" time="0.067"/>
  <system-out><![CDATA[21:04:37.872 [Test worker] DEBUG reactor.util.Loggers - Using Slf4j logging framework
]]></system-out>
  <system-err><![CDATA[]]></system-err>
</testsuite>
