<?xml version="1.0" encoding="UTF-8"?>
<testsuite name="CPTask4Tests" tests="1" skipped="0" failures="0" errors="0" timestamp="2022-11-05T14:15:51" hostname="Antons-MacBook-Pro.local" time="0.12">
  <properties/>
  <testcase name="uploadTest()" classname="CPTask4Tests" time="0.12"/>
  <system-out><![CDATA[16:15:51.211 [Test worker] DEBUG reactor.util.Loggers - Using Slf4j logging framework
]]></system-out>
  <system-err><![CDATA[]]></system-err>
</testsuite>
