<?xml version="1.0" encoding="UTF-8"?>
<testsuite name="CommonOperatorsTask3Tests" tests="1" skipped="0" failures="0" errors="0" timestamp="2022-10-10T18:30:52" hostname="Antons-MacBook-Pro.local" time="0.064">
  <properties/>
  <testcase name="testSolution()" classname="CommonOperatorsTask3Tests" time="0.064"/>
  <system-out><![CDATA[21:30:52.577 [Test worker] DEBUG reactor.util.Loggers - Using Slf4j logging framework
]]></system-out>
  <system-err><![CDATA[]]></system-err>
</testsuite>
