<?xml version="1.0" encoding="UTF-8"?>
<testsuite name="ContextTask3Tests" tests="1" skipped="0" failures="0" errors="0" timestamp="2022-10-12T18:16:32" hostname="Antons-MacBook-Pro.local" time="0.068">
  <properties/>
  <testcase name="testSolution()" classname="ContextTask3Tests" time="0.068"/>
  <system-out><![CDATA[21:16:33.028 [Test worker] DEBUG reactor.util.Loggers - Using Slf4j logging framework
]]></system-out>
  <system-err><![CDATA[]]></system-err>
</testsuite>
