<?xml version="1.0" encoding="UTF-8"?>
<testsuite name="TestingTask1Tests" tests="1" skipped="0" failures="0" errors="0" timestamp="2022-11-05T07:02:10" hostname="Antons-MacBook-Pro.local" time="0.069">
  <properties/>
  <testcase name="testSolution()" classname="TestingTask1Tests" time="0.069"/>
  <system-out><![CDATA[09:02:10.201 [Test worker] DEBUG reactor.util.Loggers - Using Slf4j logging framework
]]></system-out>
  <system-err><![CDATA[]]></system-err>
</testsuite>
