<?xml version="1.0" encoding="UTF-8"?>
<testsuite name="BackpressureTask1Tests" tests="1" skipped="0" failures="0" errors="0" timestamp="2022-10-12T18:04:13" hostname="Antons-MacBook-Pro.local" time="0.061">
  <properties/>
  <testcase name="mergeSeveralSourcesTest()" classname="BackpressureTask1Tests" time="0.061"/>
  <system-out><![CDATA[21:04:13.330 [Test worker] DEBUG reactor.util.Loggers - Using Slf4j logging framework
21:04:13.339 [Test worker] DEBUG reactor.core.publisher.Hooks - Hooking new default : onErrorDropped
21:04:13.339 [Test worker] DEBUG reactor.core.publisher.Hooks - Hooking new default : onNextDropped
21:04:13.339 [Test worker] DEBUG reactor.core.publisher.Hooks - Hooking onOperatorError: reactor.test.DefaultStepVerifierBuilder$HookRecorder$$Lambda$354/0x000000030025b138@68fa0ba8
21:04:13.343 [Test worker] DEBUG reactor.core.publisher.Hooks - Reset to factory defaults : onNextDropped
21:04:13.343 [Test worker] DEBUG reactor.core.publisher.Hooks - Reset to factory defaults : onErrorDropped
21:04:13.343 [Test worker] DEBUG reactor.core.publisher.Hooks - Reset to factory defaults : onOperatorError
]]></system-out>
  <system-err><![CDATA[]]></system-err>
</testsuite>
