<?xml version="1.0" encoding="UTF-8"?>
<testsuite name="TestingTask2Tests" tests="1" skipped="0" failures="0" errors="0" timestamp="2022-11-05T07:47:13" hostname="Antons-MacBook-Pro.local" time="0.095">
  <properties/>
  <testcase name="testSolution()" classname="TestingTask2Tests" time="0.095"/>
  <system-out><![CDATA[09:47:13.978 [Thread-3] DEBUG reactor.util.Loggers - Using Slf4j logging framework
]]></system-out>
  <system-err><![CDATA[]]></system-err>
</testsuite>
