<?xml version="1.0" encoding="UTF-8"?>
<testsuite name="ResilienceTask2Tests" tests="3" skipped="0" failures="0" errors="0" timestamp="2022-11-05T07:14:36" hostname="Antons-MacBook-Pro.local" time="0.06">
  <properties/>
  <testcase name="testSolution()" classname="ResilienceTask2Tests" time="0.059"/>
  <testcase name="testSolution1()" classname="ResilienceTask2Tests" time="0.001"/>
  <testcase name="testSolution2()" classname="ResilienceTask2Tests" time="0.0"/>
  <system-out><![CDATA[09:14:36.219 [Test worker] DEBUG reactor.util.Loggers - Using Slf4j logging framework
]]></system-out>
  <system-err><![CDATA[]]></system-err>
</testsuite>
