<?xml version="1.0" encoding="UTF-8"?>
<testsuite name="ContextTask2Tests" tests="1" skipped="0" failures="0" errors="0" timestamp="2022-10-12T18:15:56" hostname="Antons-MacBook-Pro.local" time="0.077">
  <properties/>
  <testcase name="testSolution()" classname="ContextTask2Tests" time="0.077"/>
  <system-out><![CDATA[21:15:56.394 [Test worker] DEBUG reactor.util.Loggers - Using Slf4j logging framework
]]></system-out>
  <system-err><![CDATA[]]></system-err>
</testsuite>
