<?xml version="1.0" encoding="UTF-8"?>
<testsuite name="MultipleSourcesTask5Tests" tests="1" skipped="0" failures="0" errors="0" timestamp="2023-01-09T10:57:44" hostname="Antons-MacBook-Pro.local" time="0.085">
  <properties/>
  <testcase name="testSolution()" classname="MultipleSourcesTask5Tests" time="0.085"/>
  <system-out><![CDATA[12:57:44.412 [Test worker] DEBUG reactor.util.Loggers - Using Slf4j logging framework
]]></system-out>
  <system-err><![CDATA[]]></system-err>
</testsuite>
