<?xml version="1.0" encoding="UTF-8"?>
<testsuite name="CommonOperatorsTask4Tests" tests="1" skipped="0" failures="0" errors="0" timestamp="2022-10-12T16:46:22" hostname="Antons-MacBook-Pro.local" time="0.074">
  <properties/>
  <testcase name="testSolution()" classname="CommonOperatorsTask4Tests" time="0.074"/>
  <system-out><![CDATA[19:46:22.273 [Test worker] DEBUG reactor.util.Loggers - Using Slf4j logging framework
]]></system-out>
  <system-err><![CDATA[]]></system-err>
</testsuite>
