<?xml version="1.0" encoding="UTF-8"?>
<testsuite name="MultipleSourcesTask4Tests" tests="1" skipped="0" failures="0" errors="0" timestamp="2022-10-12T17:36:15" hostname="Antons-MacBook-Pro.local" time="0.078">
  <properties/>
  <testcase name="testSolution()" classname="MultipleSourcesTask4Tests" time="0.078"/>
  <system-out><![CDATA[20:36:15.367 [Test worker] DEBUG reactor.util.Loggers - Using Slf4j logging framework
]]></system-out>
  <system-err><![CDATA[]]></system-err>
</testsuite>
