<?xml version="1.0" encoding="UTF-8"?>
<testsuite name="BackpressureTask3Tests" tests="1" skipped="0" failures="0" errors="0" timestamp="2022-10-12T18:06:26" hostname="Antons-MacBook-Pro.local" time="0.077">
  <properties/>
  <testcase name="testSolution()" classname="BackpressureTask3Tests" time="0.077"/>
  <system-out><![CDATA[21:06:26.352 [Test worker] DEBUG reactor.util.Loggers - Using Slf4j logging framework
]]></system-out>
  <system-err><![CDATA[]]></system-err>
</testsuite>
