<?xml version="1.0" encoding="UTF-8"?>
<testsuite name="DLMTask3Tests" tests="1" skipped="0" failures="0" errors="0" timestamp="2022-11-05T10:08:39" hostname="Antons-MacBook-Pro.local" time="0.231">
  <properties/>
  <testcase name="testSolution()" classname="DLMTask3Tests" time="0.231"/>
  <system-out><![CDATA[12:08:39.203 [Test worker] DEBUG reactor.util.Loggers - Using Slf4j logging framework
12:08:39.205 [Test worker] DEBUG reactor.core.publisher.Hooks - Hooking onEachOperator: DLMTask3Tests$$Lambda$349/0x0000000300221870@62727399
12:08:39.244 [Test worker] DEBUG io.micrometer.core.util.internal.logging.InternalLoggerFactory - Using SLF4J as the default logging framework
12:08:39.262 [Test worker] INFO After PublisherOn - | onSubscribe([Fuseable] FluxPublishOn.PublishOnSubscriber)
12:08:39.263 [Test worker] INFO After PublisherOn - | request(unbounded)
12:08:39.281 [single-1] INFO After PublisherOn - | onNext(0)
12:08:39.288 [single-1] INFO After PublisherOn - | onNext(1)
12:08:39.299 [single-1] INFO After PublisherOn - | onNext(2)
12:08:39.310 [single-1] INFO After PublisherOn - | onNext(3)
12:08:39.320 [single-1] INFO After PublisherOn - | onNext(4)
12:08:39.330 [single-1] INFO After PublisherOn - | onNext(5)
12:08:39.340 [single-1] INFO After PublisherOn - | onNext(6)
12:08:39.350 [single-1] INFO After PublisherOn - | onNext(7)
12:08:39.360 [single-1] INFO After PublisherOn - | onNext(8)
12:08:39.370 [single-1] INFO After PublisherOn - | onNext(9)
12:08:39.370 [single-1] INFO After PublisherOn - | cancel()
12:08:39.400 [Test worker] DEBUG reactor.core.publisher.Hooks - Reset to factory defaults : onEachOperator
]]></system-out>
  <system-err><![CDATA[]]></system-err>
</testsuite>
