<?xml version="1.0" encoding="UTF-8"?>
<testsuite name="HnSTask4Tests" tests="1" skipped="0" failures="0" errors="0" timestamp="2022-11-05T10:00:13" hostname="Antons-MacBook-Pro.local" time="0.08">
  <properties/>
  <testcase name="testSolution2()" classname="HnSTask4Tests" time="0.08"/>
  <system-out><![CDATA[12:00:14.017 [Test worker] DEBUG reactor.util.Loggers - Using Slf4j logging framework
12:00:14.018 [Test worker] DEBUG reactor.core.publisher.Hooks - Hooking onEachOperator: HnSTask4Tests$$Lambda$327/0x0000000300219c08@5b1ebf56
12:00:14.053 [Test worker] DEBUG reactor.core.publisher.Hooks - Reset to factory defaults : onEachOperator
]]></system-out>
  <system-err><![CDATA[]]></system-err>
</testsuite>
