<?xml version="1.0" encoding="UTF-8"?>
<testsuite name="CPTask2Tests" tests="1" skipped="0" failures="0" errors="0" timestamp="2022-11-05T14:15:34" hostname="Antons-MacBook-Pro.local" time="0.687">
  <properties/>
  <testcase name="findVideoTest()" classname="CPTask2Tests" time="0.687"/>
  <system-out><![CDATA[16:15:34.791 [Test worker] DEBUG reactor.util.Loggers - Using Slf4j logging framework
]]></system-out>
  <system-err><![CDATA[]]></system-err>
</testsuite>
