<?xml version="1.0" encoding="UTF-8"?>
<testsuite name="MultipleSourcesTask6Tests" tests="1" skipped="0" failures="0" errors="0" timestamp="2022-10-12T17:42:00" hostname="Antons-MacBook-Pro.local" time="0.075">
  <properties/>
  <testcase name="testSolution()" classname="MultipleSourcesTask6Tests" time="0.075"/>
  <system-out><![CDATA[20:42:00.321 [Test worker] DEBUG reactor.util.Loggers - Using Slf4j logging framework
]]></system-out>
  <system-err><![CDATA[]]></system-err>
</testsuite>
