<?xml version="1.0" encoding="UTF-8"?>
<testsuite name="MultipleSourcesTask8Tests" tests="1" skipped="0" failures="0" errors="0" timestamp="2022-10-12T17:47:35" hostname="Antons-MacBook-Pro.local" time="0.086">
  <properties/>
  <testcase name="testSolution()" classname="MultipleSourcesTask8Tests" time="0.086"/>
  <system-out><![CDATA[20:47:35.341 [Test worker] DEBUG reactor.util.Loggers - Using Slf4j logging framework
]]></system-out>
  <system-err><![CDATA[]]></system-err>
</testsuite>
