<?xml version="1.0" encoding="UTF-8"?>
<testsuite name="CommonOperatorsTask2Tests" tests="1" skipped="0" failures="0" errors="0" timestamp="2022-10-10T17:00:56" hostname="Antons-MacBook-Pro.local" time="0.055">
  <properties/>
  <testcase name="testSolution()" classname="CommonOperatorsTask2Tests" time="0.055"/>
  <system-out><![CDATA[20:00:56.360 [Test worker] DEBUG reactor.util.Loggers - Using Slf4j logging framework
]]></system-out>
  <system-err><![CDATA[]]></system-err>
</testsuite>
