<?xml version="1.0" encoding="UTF-8"?>
<testsuite name="BackpressureTask5Tests" tests="1" skipped="0" failures="0" errors="0" timestamp="2022-10-12T18:12:17" hostname="Antons-MacBook-Pro.local" time="0.097">
  <properties/>
  <testcase name="testSolution()" classname="BackpressureTask5Tests" time="0.097"/>
  <system-out><![CDATA[21:12:17.802 [Test worker] DEBUG reactor.util.Loggers - Using Slf4j logging framework
]]></system-out>
  <system-err><![CDATA[]]></system-err>
</testsuite>
