<?xml version="1.0" encoding="UTF-8"?>
<testsuite name="ResilienceTask6Tests" tests="1" skipped="0" failures="0" errors="0" timestamp="2022-11-05T07:13:55" hostname="Antons-MacBook-Pro.local" time="0.082">
  <properties/>
  <testcase name="testSolution()" classname="ResilienceTask6Tests" time="0.082"/>
  <system-out><![CDATA[09:13:55.824 [Test worker] DEBUG reactor.util.Loggers - Using Slf4j logging framework
]]></system-out>
  <system-err><![CDATA[Thrown an error [java.lang.ArithmeticException: / by zero] on the following element [0]
]]></system-err>
</testsuite>
