<?xml version="1.0" encoding="UTF-8"?>
<testsuite name="CommonOperatorsTask9Tests" tests="1" skipped="0" failures="0" errors="0" timestamp="2022-10-12T17:06:38" hostname="Antons-MacBook-Pro.local" time="0.604">
  <properties/>
  <testcase name="testSolution()" classname="CommonOperatorsTask9Tests" time="0.604"/>
  <system-out><![CDATA[20:06:38.867 [Test worker] DEBUG reactor.util.Loggers - Using Slf4j logging framework
]]></system-out>
  <system-err><![CDATA[]]></system-err>
</testsuite>
