<?xml version="1.0" encoding="UTF-8"?>
<testsuite name="DLMTask1Tests" tests="1" skipped="0" failures="0" errors="0" timestamp="2022-11-05T10:14:25" hostname="Antons-MacBook-Pro.local" time="1.784">
  <properties/>
  <testcase name="testSolution()" classname="DLMTask1Tests" time="1.784"/>
  <system-out><![CDATA[12:14:25.759 [Test worker] DEBUG reactor.util.Loggers - Using Slf4j logging framework
12:14:26.358 [Test worker] DEBUG reactor.core.publisher.Hooks - Enabling stacktrace debugging via onOperatorDebug
12:14:26.402 [single-1] INFO reactor.Flux.OnAssembly.1 - | onSubscribe([Fuseable] FluxOnAssembly.OnAssemblySubscriber)
12:14:26.403 [single-1] INFO reactor.Flux.OnAssembly.1 - | request(unbounded)
12:14:26.553 [single-1] INFO reactor.Flux.OnAssembly.1 - | onNext(1)
12:14:26.658 [single-1] INFO reactor.Flux.OnAssembly.1 - | onNext(0)
12:14:26.764 [single-1] INFO reactor.Flux.OnAssembly.1 - | onNext(0)
12:14:26.865 [single-1] INFO reactor.Flux.OnAssembly.1 - | onNext(0)
12:14:26.967 [single-1] INFO reactor.Flux.OnAssembly.1 - | onNext(0)
12:14:27.069 [single-1] INFO reactor.Flux.OnAssembly.1 - | onNext(0)
12:14:27.175 [single-1] INFO reactor.Flux.OnAssembly.1 - | onNext(1)
12:14:27.277 [single-1] INFO reactor.Flux.OnAssembly.1 - | onNext(1)
12:14:27.381 [single-1] INFO reactor.Flux.OnAssembly.1 - | onNext(1)
12:14:27.481 [single-1] INFO reactor.Flux.OnAssembly.1 - | onNext(1)
12:14:27.481 [single-1] INFO reactor.Flux.OnAssembly.1 - | cancel()
]]></system-out>
  <system-err><![CDATA[]]></system-err>
</testsuite>
