<?xml version="1.0" encoding="UTF-8"?>
<testsuite name="MultithreadingOperatorsTask1Tests" tests="1" skipped="0" failures="0" errors="0" timestamp="2022-10-12T17:53:17" hostname="Antons-MacBook-Pro.local" time="0.091">
  <properties/>
  <testcase name="mergeSeveralSourcesTest()" classname="MultithreadingOperatorsTask1Tests" time="0.091"/>
  <system-out><![CDATA[20:53:17.097 [Test worker] DEBUG reactor.util.Loggers - Using Slf4j logging framework
]]></system-out>
  <system-err><![CDATA[]]></system-err>
</testsuite>
