<?xml version="1.0" encoding="UTF-8"?>
<testsuite name="MultipleSourcesTask2Tests" tests="1" skipped="0" failures="0" errors="0" timestamp="2022-10-12T17:22:46" hostname="Antons-MacBook-Pro.local" time="0.086">
  <properties/>
  <testcase name="testSolution()" classname="MultipleSourcesTask2Tests" time="0.086"/>
  <system-out><![CDATA[20:22:46.607 [Test worker] DEBUG reactor.util.Loggers - Using Slf4j logging framework
]]></system-out>
  <system-err><![CDATA[]]></system-err>
</testsuite>
