<?xml version="1.0" encoding="UTF-8"?>
<testsuite name="MultipleSourcesTask9Tests" tests="1" skipped="0" failures="0" errors="0" timestamp="2022-10-12T17:49:48" hostname="Antons-MacBook-Pro.local" time="0.072">
  <properties/>
  <testcase name="testSolution()" classname="MultipleSourcesTask9Tests" time="0.072"/>
  <system-out><![CDATA[20:49:48.415 [Test worker] DEBUG reactor.util.Loggers - Using Slf4j logging framework
]]></system-out>
  <system-err><![CDATA[]]></system-err>
</testsuite>
