<?xml version="1.0" encoding="UTF-8"?>
<testsuite name="ResilienceTask7Tests" tests="1" skipped="0" failures="0" errors="0" timestamp="2022-11-05T07:13:37" hostname="Antons-MacBook-Pro.local" time="0.084">
  <properties/>
  <testcase name="testSolution()" classname="ResilienceTask7Tests" time="0.084"/>
  <system-out><![CDATA[09:13:37.870 [Test worker] DEBUG reactor.util.Loggers - Using Slf4j logging framework
]]></system-out>
  <system-err><![CDATA[]]></system-err>
</testsuite>
