<?xml version="1.0" encoding="UTF-8"?>
<testsuite name="ResilienceTask4Tests" tests="1" skipped="0" failures="0" errors="0" timestamp="2022-11-05T07:35:19" hostname="Antons-MacBook-Pro.local" time="0.081">
  <properties/>
  <testcase name="testSolution()" classname="ResilienceTask4Tests" time="0.081"/>
  <system-out><![CDATA[09:35:19.215 [Test worker] DEBUG reactor.util.Loggers - Using Slf4j logging framework
]]></system-out>
  <system-err><![CDATA[]]></system-err>
</testsuite>
