<?xml version="1.0" encoding="UTF-8"?>
<testsuite name="HnSTask3Tests" tests="1" skipped="0" failures="0" errors="0" timestamp="2022-11-05T09:59:40" hostname="Antons-MacBook-Pro.local" time="0.068">
  <properties/>
  <testcase name="testSolution()" classname="HnSTask3Tests" time="0.068"/>
  <system-out><![CDATA[11:59:40.535 [Test worker] DEBUG reactor.util.Loggers - Using Slf4j logging framework
]]></system-out>
  <system-err><![CDATA[]]></system-err>
</testsuite>
