<?xml version="1.0" encoding="UTF-8"?>
<testsuite name="TestingTask3Tests" tests="1" skipped="0" failures="0" errors="0" timestamp="2022-11-05T07:02:33" hostname="Antons-MacBook-Pro.local" time="0.079">
  <properties/>
  <testcase name="testSolution()" classname="TestingTask3Tests" time="0.079"/>
  <system-out><![CDATA[09:02:33.320 [Test worker] DEBUG reactor.util.Loggers - Using Slf4j logging framework
]]></system-out>
  <system-err><![CDATA[]]></system-err>
</testsuite>
