<?xml version="1.0" encoding="UTF-8"?>
<testsuite name="ResilienceTask5Tests" tests="1" skipped="0" failures="0" errors="0" timestamp="2022-11-05T07:13:59" hostname="Antons-MacBook-Pro.local" time="1.089">
  <properties/>
  <testcase name="testSolution()" classname="ResilienceTask5Tests" time="1.089"/>
  <system-out><![CDATA[09:14:00.021 [Test worker] DEBUG reactor.util.Loggers - Using Slf4j logging framework
]]></system-out>
  <system-err><![CDATA[]]></system-err>
</testsuite>
