<?xml version="1.0" encoding="UTF-8"?>
<testsuite name="HnSTask2Tests" tests="2" skipped="0" failures="0" errors="0" timestamp="2022-11-05T09:58:23" hostname="Antons-MacBook-Pro.local" time="0.097">
  <properties/>
  <testcase name="testSolution()" classname="HnSTask2Tests" time="0.093"/>
  <testcase name="testSolution2()" classname="HnSTask2Tests" time="0.004"/>
  <system-out><![CDATA[11:58:23.864 [Test worker] DEBUG reactor.util.Loggers - Using Slf4j logging framework
11:58:23.866 [Test worker] DEBUG reactor.core.publisher.Hooks - Hooking onEachOperator: HnSTask2Tests$$Lambda$327/0x0000000300219c08@4b1d6571
11:58:23.911 [Test worker] DEBUG reactor.core.publisher.Hooks - Reset to factory defaults : onEachOperator
11:58:23.935 [Test worker] DEBUG reactor.core.publisher.Hooks - Hooking onEachOperator: HnSTask2Tests$$Lambda$372/0x000000030029e6e8@1b065145
11:58:23.938 [Test worker] DEBUG reactor.core.publisher.Hooks - Reset to factory defaults : onEachOperator
]]></system-out>
  <system-err><![CDATA[]]></system-err>
</testsuite>
