<?xml version="1.0" encoding="UTF-8"?>
<testsuite name="CPTask3Tests" tests="1" skipped="0" failures="0" errors="0" timestamp="2022-11-05T14:15:39" hostname="Antons-MacBook-Pro.local" time="5.97">
  <properties/>
  <testcase name="findVideoTest()" classname="CPTask3Tests" time="5.97"/>
  <system-out><![CDATA[16:15:39.320 [Test worker] DEBUG reactor.util.Loggers - Using Slf4j logging framework
]]></system-out>
  <system-err><![CDATA[]]></system-err>
</testsuite>
