<?xml version="1.0" encoding="UTF-8"?>
<testsuite name="CPTask5Tests" tests="3" skipped="0" failures="0" errors="0" timestamp="2022-11-05T14:15:54" hostname="Antons-MacBook-Pro.local" time="3.557">
  <properties/>
  <testcase name="ensureItRollbacksEverythingInCaseOfErrorInOne()" classname="CPTask5Tests" time="1.423"/>
  <testcase name="ensureItWorksInCaseOfConnectionOpenIssue()" classname="CPTask5Tests" time="0.124"/>
  <testcase name="checkTimeoutWorked()" classname="CPTask5Tests" time="2.009"/>
  <system-out><![CDATA[16:15:54.337 [Test worker] DEBUG reactor.util.Loggers - Using Slf4j logging framework
]]></system-out>
  <system-err><![CDATA[]]></system-err>
</testsuite>
