<?xml version="1.0" encoding="UTF-8"?>
<testsuite name="CommonOperatorsTask8Tests" tests="1" skipped="0" failures="0" errors="0" timestamp="2022-10-12T17:06:11" hostname="Antons-MacBook-Pro.local" time="0.084">
  <properties/>
  <testcase name="testSolution()" classname="CommonOperatorsTask8Tests" time="0.084"/>
  <system-out><![CDATA[20:06:11.435 [Test worker] DEBUG reactor.util.Loggers - Using Slf4j logging framework
]]></system-out>
  <system-err><![CDATA[]]></system-err>
</testsuite>
