<?xml version="1.0" encoding="UTF-8"?>
<testsuite name="ResilienceTask1Tests" tests="2" skipped="0" failures="0" errors="0" timestamp="2022-11-05T07:14:16" hostname="Antons-MacBook-Pro.local" time="0.061">
  <properties/>
  <testcase name="test1()" classname="ResilienceTask1Tests" time="0.059"/>
  <testcase name="test2()" classname="ResilienceTask1Tests" time="0.001"/>
  <system-out><![CDATA[09:14:16.452 [Test worker] DEBUG reactor.util.Loggers - Using Slf4j logging framework
]]></system-out>
  <system-err><![CDATA[]]></system-err>
</testsuite>
